<!DOCTYPE html PUBLIC "-//W3C//DTD XHTML 1.1//EN" "http://www.w3.org/TR/xhtml11/DTD/xhtml11.dtd">
<html xmlns="http://www.w3.org/1999/xhtml"><head><title>TestNG Report</title><style type="text/css">table {margin-bottom:10px;border-collapse:collapse;empty-cells:show}th,td {border:1px solid #009;padding:.25em .5em}th {vertical-align:bottom}td {vertical-align:top}table a {font-weight:bold}.stripe td {background-color: #E6EBF9}.num {text-align:right}.passedodd td {background-color: #3F3}.passedeven td {background-color: #0A0}.skippedodd td {background-color: #DDD}.skippedeven td {background-color: #CCC}.failedodd td,.attn {background-color: #F33}.failedeven td,.stripe .attn {background-color: #D00}.stacktrace {white-space:pre;font-family:monospace}.totop {font-size:85%;text-align:center;border-bottom:2px solid #000}</style></head><body><table><tr><th>Test</th><th># Passed</th><th># Skipped</th><th># Failed</th><th>Time (ms)</th><th>Included Groups</th><th>Excluded Groups</th></tr><tr><th colspan="7">My Sample Suite</th></tr><tr><td><a href="#t0">Sample test 3</a></td><td class="num">0</td><td class="num attn">3</td><td class="num">0</td><td class="num">1,251</td><td></td><td></td></tr><tr class="stripe"><td><a href="#t1">Sample test 2</a></td><td class="num">1</td><td class="num attn">1</td><td class="num attn">1</td><td class="num">48,401</td><td></td><td></td></tr><tr><td><a href="#t2">Sample test 1</a></td><td class="num">1</td><td class="num attn">1</td><td class="num attn">1</td><td class="num">51,629</td><td></td><td></td></tr><tr><th>Total</th><th class="num">2</th><th class="num attn">5</th><th class="num attn">2</th><th class="num">101,281</th><th colspan="2"></th></tr></table><table id='summary'><thead><tr><th>Class</th><th>Method</th><th>Start</th><th>Time (ms)</th></tr></thead><tbody><tr><th colspan="4">My Sample Suite</th></tr></tbody><tbody id="t0"><tr><th colspan="4">Sample test 3 &#8212; skipped</th></tr><tr class="skippedeven"><td rowspan="3">demo.acn.internal.tests.Sample_Test_3</td><td><a href="#m0">LoginTest</a></td><td rowspan="3">1518794551600</td><td rowspan="3">2</td></tr><tr class="skippedeven"><td><a href="#m1">LoginTest</a></td></tr><tr class="skippedeven"><td><a href="#m2">LoginTest</a></td></tr></tbody><tbody id="t1"><tr><th colspan="4">Sample test 2 &#8212; failed</th></tr><tr class="failedeven"><td rowspan="1">demo.acn.internal.tests.Sample_Test_2</td><td><a href="#m3">LoginTest</a></td><td rowspan="1">1518794577190</td><td rowspan="1">20886</td></tr><tr><th colspan="4">Sample test 2 &#8212; skipped</th></tr><tr class="skippedeven"><td rowspan="1">demo.acn.internal.tests.Sample_Test_2</td><td><a href="#m4">LoginTest</a></td><td rowspan="1">1518794598938</td><td rowspan="1">7</td></tr><tr><th colspan="4">Sample test 2 &#8212; passed</th></tr><tr class="passedeven"><td rowspan="1">demo.acn.internal.tests.Sample_Test_2</td><td><a href="#m5">LoginTest</a></td><td rowspan="1">1518794550872</td><td rowspan="1">25038</td></tr></tbody><tbody id="t2"><tr><th colspan="4">Sample test 1 &#8212; failed</th></tr><tr class="failedeven"><td rowspan="1">demo.acn.internal.tests.Sample_Test_1</td><td><a href="#m6">LoginTest</a></td><td rowspan="1">1518794580515</td><td rowspan="1">20766</td></tr><tr><th colspan="4">Sample test 1 &#8212; skipped</th></tr><tr class="skippedeven"><td rowspan="1">demo.acn.internal.tests.Sample_Test_1</td><td><a href="#m7">LoginTest</a></td><td rowspan="1">1518794580457</td><td rowspan="1">5</td></tr><tr><th colspan="4">Sample test 1 &#8212; passed</th></tr><tr class="passedeven"><td rowspan="1">demo.acn.internal.tests.Sample_Test_1</td><td><a href="#m8">LoginTest</a></td><td rowspan="1">1518794550872</td><td rowspan="1">28899</td></tr></tbody></table><h2>Sample test 3</h2><h3 id="m0">demo.acn.internal.tests.Sample_Test_3#LoginTest</h3><table class="result"><tr class="param"><th>Parameter #1</th></tr><tr class="param stripe"><td>{Username=BLANK, ExpectedResult=Failure, Pass=BLANK, Runmode=N, Browser=Chrome}</td></tr><tr><th>Exception</th></tr><tr><td><div class="stacktrace">org.testng.SkipException: Skipping the Testcase as Runmode is set to &apos;N&apos;
	at demo.acn.internal.utilities.DataUtility.TestCaseIsRun(DataUtility.java:69)
	at demo.acn.internal.tests.Sample_Test_3.LoginTest(Sample_Test_3.java:41)
	at java.util.concurrent.FutureTask.run(Unknown Source)
	at java.util.concurrent.ThreadPoolExecutor.runWorker(Unknown Source)
	at java.util.concurrent.ThreadPoolExecutor$Worker.run(Unknown Source)
	at java.lang.Thread.run(Unknown Source)
... Removed 16 stack frames</div></td></tr></table><p class="totop"><a href="#summary">back to summary</a></p><h3 id="m1">demo.acn.internal.tests.Sample_Test_3#LoginTest</h3><table class="result"><tr class="param"><th>Parameter #1</th></tr><tr class="param stripe"><td>{Username=BLANK, ExpectedResult=Success, Pass=BLANK, Runmode=Y, Browser=Chrome}</td></tr><tr><th>Exception</th></tr><tr><td><div class="stacktrace">org.testng.SkipException: Skipping the Testcase as Runmode is set to &apos;N&apos;
	at demo.acn.internal.utilities.DataUtility.TestCaseIsRun(DataUtility.java:69)
	at demo.acn.internal.tests.Sample_Test_3.LoginTest(Sample_Test_3.java:41)
	at java.util.concurrent.FutureTask.run(Unknown Source)
	at java.util.concurrent.ThreadPoolExecutor.runWorker(Unknown Source)
	at java.util.concurrent.ThreadPoolExecutor$Worker.run(Unknown Source)
	at java.lang.Thread.run(Unknown Source)
... Removed 16 stack frames</div></td></tr></table><p class="totop"><a href="#summary">back to summary</a></p><h3 id="m2">demo.acn.internal.tests.Sample_Test_3#LoginTest</h3><table class="result"><tr class="param"><th>Parameter #1</th></tr><tr class="param stripe"><td>{Username=wrongID, ExpectedResult=Failure, Pass=test, Runmode=Y, Browser=Chrome}</td></tr><tr><th>Exception</th></tr><tr><td><div class="stacktrace">org.testng.SkipException: Skipping the Testcase as Runmode is set to &apos;N&apos;
	at demo.acn.internal.utilities.DataUtility.TestCaseIsRun(DataUtility.java:69)
	at demo.acn.internal.tests.Sample_Test_3.LoginTest(Sample_Test_3.java:41)
	at java.util.concurrent.FutureTask.run(Unknown Source)
	at java.util.concurrent.ThreadPoolExecutor.runWorker(Unknown Source)
	at java.util.concurrent.ThreadPoolExecutor$Worker.run(Unknown Source)
	at java.lang.Thread.run(Unknown Source)
... Removed 16 stack frames</div></td></tr></table><p class="totop"><a href="#summary">back to summary</a></p><h2>Sample test 2</h2><h3 id="m3">demo.acn.internal.tests.Sample_Test_2#LoginTest</h3><table class="result"><tr class="param"><th>Parameter #1</th></tr><tr class="param stripe"><td>{Username=BLANK, ExpectedResult=Success, Pass=BLANK, Runmode=Y, Browser=Chrome}</td></tr><tr><th>Exception</th></tr><tr><td><div class="stacktrace">java.lang.AssertionError: Login functionality failing. Expected: Login Success but Actual: Login Failure
	at demo.acn.internal.utilities.GenericKeywords.reportFailure(GenericKeywords.java:275)
	at demo.acn.internal.utilities.AppKeywords.verifylogin(AppKeywords.java:57)
	at demo.acn.internal.utilities.Keywords.executeKeywords(Keywords.java:58)
	at demo.acn.internal.tests.Sample_Test_2.LoginTest(Sample_Test_2.java:50)
	at java.util.concurrent.FutureTask.run(Unknown Source)
	at java.util.concurrent.ThreadPoolExecutor.runWorker(Unknown Source)
	at java.util.concurrent.ThreadPoolExecutor$Worker.run(Unknown Source)
	at java.lang.Thread.run(Unknown Source)
... Removed 17 stack frames</div></td></tr></table><p class="totop"><a href="#summary">back to summary</a></p><h3 id="m4">demo.acn.internal.tests.Sample_Test_2#LoginTest</h3><table class="result"><tr class="param"><th>Parameter #1</th></tr><tr class="param stripe"><td>{Username=BLANK, ExpectedResult=Failure, Pass=BLANK, Runmode=N, Browser=Chrome}</td></tr><tr><th>Exception</th></tr><tr><td><div class="stacktrace">org.testng.SkipException: Skipping the testrun as Runmode is set to &apos;N&apos;
	at demo.acn.internal.tests.Sample_Test_2.LoginTest(Sample_Test_2.java:45)
	at java.util.concurrent.FutureTask.run(Unknown Source)
	at java.util.concurrent.ThreadPoolExecutor.runWorker(Unknown Source)
	at java.util.concurrent.ThreadPoolExecutor$Worker.run(Unknown Source)
	at java.lang.Thread.run(Unknown Source)
... Removed 16 stack frames</div></td></tr></table><p class="totop"><a href="#summary">back to summary</a></p><h3 id="m5">demo.acn.internal.tests.Sample_Test_2#LoginTest</h3><table class="result"><tr class="param"><th>Parameter #1</th></tr><tr class="param stripe"><td>{Username=wrongID, ExpectedResult=Failure, Pass=test, Runmode=Y, Browser=Chrome}</td></tr></table><p class="totop"><a href="#summary">back to summary</a></p><h2>Sample test 1</h2><h3 id="m6">demo.acn.internal.tests.Sample_Test_1#LoginTest</h3><table class="result"><tr class="param"><th>Parameter #1</th></tr><tr class="param stripe"><td>{Username=wrongID, ExpectedResult=Success, Pass=test, Runmode=Y, Browser=Chrome}</td></tr><tr><th>Exception</th></tr><tr><td><div class="stacktrace">java.lang.AssertionError: Login functionality failing. Expected: Login Success but Actual: Login Failure
	at demo.acn.internal.utilities.GenericKeywords.reportFailure(GenericKeywords.java:275)
	at demo.acn.internal.utilities.AppKeywords.verifylogin(AppKeywords.java:57)
	at demo.acn.internal.utilities.Keywords.executeKeywords(Keywords.java:58)
	at demo.acn.internal.tests.Sample_Test_1.LoginTest(Sample_Test_1.java:50)
	at java.util.concurrent.FutureTask.run(Unknown Source)
	at java.util.concurrent.ThreadPoolExecutor.runWorker(Unknown Source)
	at java.util.concurrent.ThreadPoolExecutor$Worker.run(Unknown Source)
	at java.lang.Thread.run(Unknown Source)
... Removed 17 stack frames</div></td></tr></table><p class="totop"><a href="#summary">back to summary</a></p><h3 id="m7">demo.acn.internal.tests.Sample_Test_1#LoginTest</h3><table class="result"><tr class="param"><th>Parameter #1</th></tr><tr class="param stripe"><td>{Username=BLANK, ExpectedResult=Failure, Pass=BLANK, Runmode=N, Browser=Chrome}</td></tr><tr><th>Exception</th></tr><tr><td><div class="stacktrace">org.testng.SkipException: Skipping the testrun as Runmode is set to &apos;N&apos;
	at demo.acn.internal.tests.Sample_Test_1.LoginTest(Sample_Test_1.java:45)
	at java.util.concurrent.FutureTask.run(Unknown Source)
	at java.util.concurrent.ThreadPoolExecutor.runWorker(Unknown Source)
	at java.util.concurrent.ThreadPoolExecutor$Worker.run(Unknown Source)
	at java.lang.Thread.run(Unknown Source)
... Removed 16 stack frames</div></td></tr></table><p class="totop"><a href="#summary">back to summary</a></p><h3 id="m8">demo.acn.internal.tests.Sample_Test_1#LoginTest</h3><table class="result"><tr class="param"><th>Parameter #1</th></tr><tr class="param stripe"><td>{Username=wrongID, ExpectedResult=Failure, Pass=test, Runmode=Y, Browser=Mozilla}</td></tr></table><p class="totop"><a href="#summary">back to summary</a></p></body></html>